Iteration-0
[START] 02_train_4chunk_extends.py 2018-07-03 09:02:04.471618
	Vectoring (cross-validation: train data part)... 2018-07-03 09:02:33.054430
	Building model... 2018-07-03 09:02:44.915660
		 epoch:  0 2018-07-03 09:03:06.237232
		 epoch:  1 2018-07-03 09:06:35.696356
		 epoch:  2 2018-07-03 09:10:03.653445
		 epoch:  3 2018-07-03 09:13:31.219887
		 epoch:  4 2018-07-03 09:16:59.965751
		 epoch:  5 2018-07-03 09:20:28.202362
		 epoch:  6 2018-07-03 09:23:56.476330
		 epoch:  7 2018-07-03 09:27:24.449561
		 epoch:  8 2018-07-03 09:30:58.003044
		 epoch:  9 2018-07-03 09:34:36.014906
		 epoch:  0 2018-07-03 09:38:40.100105
		 epoch:  1 2018-07-03 09:43:04.650899
		 epoch:  2 2018-07-03 09:47:29.557304
		 epoch:  3 2018-07-03 09:51:53.736445
		 epoch:  4 2018-07-03 09:56:23.997495
		 epoch:  5 2018-07-03 10:00:46.508973
		 epoch:  6 2018-07-03 10:05:08.115435
		 epoch:  7 2018-07-03 10:09:46.151302
		 epoch:  8 2018-07-03 10:14:09.710693
		 epoch:  9 2018-07-03 10:18:28.073932
		 epoch:  0 2018-07-03 10:23:13.590091
		 epoch:  1 2018-07-03 10:27:01.913221
		 epoch:  2 2018-07-03 10:30:42.066369
		 epoch:  3 2018-07-03 10:34:21.667514
		 epoch:  4 2018-07-03 10:38:02.299542
		 epoch:  5 2018-07-03 10:41:49.275115
		 epoch:  6 2018-07-03 10:45:39.676044
		 epoch:  7 2018-07-03 10:49:26.663202
		 epoch:  8 2018-07-03 10:53:29.082756
		 epoch:  9 2018-07-03 10:57:23.736759
		 epoch:  0 2018-07-03 11:01:38.848963
		 epoch:  1 2018-07-03 11:05:49.637592
		 epoch:  2 2018-07-03 11:10:01.597637
		 epoch:  3 2018-07-03 11:14:02.968864
		 epoch:  4 2018-07-03 11:18:09.591736
		 epoch:  5 2018-07-03 11:22:20.217743
		 epoch:  6 2018-07-03 11:26:35.440718
		 epoch:  7 2018-07-03 11:30:44.397794
		 epoch:  8 2018-07-03 11:34:53.975480
		 epoch:  9 2018-07-03 11:38:57.556277
	Classification... 2018-07-03 12:03:49.946419
==================================================
		 Dumping train_sen_arrays... 2018-07-03 15:23:30.861928
		 Dumping train_labels... 2018-07-03 17:29:39.450145
[END] 02_train_4chunk_extends.py 2018-07-03 17:32:18.326669

